TN:
SF:/Users/work/expandable/src/index.js
FN:3,(anonymous_1)
FN:30,(anonymous_2)
FN:35,(anonymous_3)
FN:46,(anonymous_4)
FNF:4
FNH:4
FNDA:2,(anonymous_1)
FNDA:12,(anonymous_2)
FNDA:2,(anonymous_3)
FNDA:4,(anonymous_4)
DA:1,1
DA:3,1
DA:4,2
DA:6,2
DA:11,2
DA:12,2
DA:15,2
DA:16,2
DA:17,2
DA:18,2
DA:19,2
DA:22,2
DA:23,2
DA:24,2
DA:25,2
DA:30,2
DA:31,12
DA:35,2
DA:36,2
DA:40,2
DA:43,2
DA:46,2
DA:47,4
DA:49,4
DA:52,4
DA:56,4
DA:57,2
DA:58,2
DA:61,2
DA:62,2
DA:68,2
DA:72,2
DA:75,1
LF:33
LH:33
BRDA:16,1,0,2
BRDA:16,1,1,0
BRDA:18,2,0,2
BRDA:18,2,1,0
BRDA:24,3,0,2
BRDA:24,3,1,0
BRDA:40,4,0,2
BRDA:40,4,1,0
BRDA:40,5,0,2
BRDA:40,5,1,0
BRDA:47,6,0,4
BRDA:47,6,1,0
BRDA:47,7,0,4
BRDA:47,7,1,4
BRDA:56,8,0,2
BRDA:56,8,1,2
BRF:16
BRH:10
end_of_record
